[debug] [2026-04-09T11:11:01.376Z] > command requires scopes: ["email","openid","https://www.googleapis.com/auth/cloudplatformprojects.readonly","https://www.googleapis.com/auth/firebase","https://www.googleapis.com/auth/cloud-platform"]
[debug] [2026-04-09T11:11:01.377Z] > authorizing via signed-in user (saqoosha@whatever.co)
[debug] [2026-04-09T11:11:01.377Z] > command requires scopes: ["email","openid","https://www.googleapis.com/auth/cloudplatformprojects.readonly","https://www.googleapis.com/auth/firebase","https://www.googleapis.com/auth/cloud-platform"]
[debug] [2026-04-09T11:11:01.377Z] > authorizing via signed-in user (saqoosha@whatever.co)
[debug] [2026-04-09T11:11:01.385Z] > command requires scopes: ["email","openid","https://www.googleapis.com/auth/cloudplatformprojects.readonly","https://www.googleapis.com/auth/firebase","https://www.googleapis.com/auth/cloud-platform"]
[debug] [2026-04-09T11:11:01.385Z] > authorizing via signed-in user (saqoosha@whatever.co)
[debug] [2026-04-09T11:11:01.396Z] Checked if tokens are valid: false, expires at: 1775728493825
[debug] [2026-04-09T11:11:01.396Z] Checked if tokens are valid: false, expires at: 1775728493825
[debug] [2026-04-09T11:11:01.396Z] > refreshing access token with scopes: []
[debug] [2026-04-09T11:11:01.397Z] >>> [apiv2][query] POST https://www.googleapis.com/oauth2/v3/token [none]
[debug] [2026-04-09T11:11:01.397Z] >>> [apiv2][body] POST https://www.googleapis.com/oauth2/v3/token [omitted]
[debug] [2026-04-09T11:11:01.407Z] Checked if tokens are valid: false, expires at: 1775728493825
[debug] [2026-04-09T11:11:01.407Z] Checked if tokens are valid: false, expires at: 1775728493825
[debug] [2026-04-09T11:11:01.407Z] > refreshing access token with scopes: []
[debug] [2026-04-09T11:11:01.407Z] >>> [apiv2][query] POST https://www.googleapis.com/oauth2/v3/token [none]
[debug] [2026-04-09T11:11:01.407Z] >>> [apiv2][body] POST https://www.googleapis.com/oauth2/v3/token [omitted]
[debug] [2026-04-09T11:11:01.408Z] Checked if tokens are valid: false, expires at: 1775728493825
[debug] [2026-04-09T11:11:01.408Z] Checked if tokens are valid: false, expires at: 1775728493825
[debug] [2026-04-09T11:11:01.408Z] > refreshing access token with scopes: []
[debug] [2026-04-09T11:11:01.408Z] >>> [apiv2][query] POST https://www.googleapis.com/oauth2/v3/token [none]
[debug] [2026-04-09T11:11:01.408Z] >>> [apiv2][body] POST https://www.googleapis.com/oauth2/v3/token [omitted]
[debug] [2026-04-09T11:11:01.522Z] <<< [apiv2][status] POST https://www.googleapis.com/oauth2/v3/token 200
[debug] [2026-04-09T11:11:01.522Z] <<< [apiv2][body] POST https://www.googleapis.com/oauth2/v3/token [omitted]
[debug] [2026-04-09T11:11:01.543Z] >>> [apiv2][query] GET https://serviceusage.googleapis.com/v1/projects//services/firebaseappdistribution.googleapis.com [none]
[debug] [2026-04-09T11:11:01.543Z] >>> [apiv2][(partial)header] GET https://serviceusage.googleapis.com/v1/projects//services/firebaseappdistribution.googleapis.com x-goog-quota-user=projects/
[debug] [2026-04-09T11:11:01.552Z] <<< [apiv2][status] POST https://www.googleapis.com/oauth2/v3/token 200
[debug] [2026-04-09T11:11:01.552Z] <<< [apiv2][body] POST https://www.googleapis.com/oauth2/v3/token [omitted]
[debug] [2026-04-09T11:11:01.566Z] >>> [apiv2][query] GET https://serviceusage.googleapis.com/v1/projects//services/firebaseappdistribution.googleapis.com [none]
[debug] [2026-04-09T11:11:01.566Z] >>> [apiv2][(partial)header] GET https://serviceusage.googleapis.com/v1/projects//services/firebaseappdistribution.googleapis.com x-goog-quota-user=projects/
[debug] [2026-04-09T11:11:01.684Z] <<< [apiv2][status] POST https://www.googleapis.com/oauth2/v3/token 200
[debug] [2026-04-09T11:11:01.684Z] <<< [apiv2][body] POST https://www.googleapis.com/oauth2/v3/token [omitted]
[debug] [2026-04-09T11:11:01.695Z] >>> [apiv2][query] GET https://serviceusage.googleapis.com/v1/projects//services/firebaseappdistribution.googleapis.com [none]
[debug] [2026-04-09T11:11:01.695Z] >>> [apiv2][(partial)header] GET https://serviceusage.googleapis.com/v1/projects//services/firebaseappdistribution.googleapis.com x-goog-quota-user=projects/
[debug] [2026-04-09T11:11:02.370Z] <<< [apiv2][status] GET https://serviceusage.googleapis.com/v1/projects//services/firebaseappdistribution.googleapis.com 400
[debug] [2026-04-09T11:11:02.370Z] <<< [apiv2][body] GET https://serviceusage.googleapis.com/v1/projects//services/firebaseappdistribution.googleapis.com [omitted]
[debug] [2026-04-09T11:11:02.390Z] <<< [apiv2][status] GET https://serviceusage.googleapis.com/v1/projects//services/firebaseappdistribution.googleapis.com 400
[debug] [2026-04-09T11:11:02.390Z] <<< [apiv2][body] GET https://serviceusage.googleapis.com/v1/projects//services/firebaseappdistribution.googleapis.com [omitted]
[debug] [2026-04-09T11:11:02.391Z] > command requires scopes: ["email","openid","https://www.googleapis.com/auth/cloudplatformprojects.readonly","https://www.googleapis.com/auth/firebase","https://www.googleapis.com/auth/cloud-platform"]
[debug] [2026-04-09T11:11:02.391Z] > authorizing via signed-in user (saqoosha@whatever.co)
[debug] [2026-04-09T11:11:02.392Z] > command requires scopes: ["email","openid","https://www.googleapis.com/auth/cloudplatformprojects.readonly","https://www.googleapis.com/auth/firebase","https://www.googleapis.com/auth/cloud-platform"]
[debug] [2026-04-09T11:11:02.392Z] > authorizing via signed-in user (saqoosha@whatever.co)
[debug] [2026-04-09T11:11:02.515Z] <<< [apiv2][status] GET https://serviceusage.googleapis.com/v1/projects//services/firebaseappdistribution.googleapis.com 400
[debug] [2026-04-09T11:11:02.515Z] <<< [apiv2][body] GET https://serviceusage.googleapis.com/v1/projects//services/firebaseappdistribution.googleapis.com [omitted]
[debug] [2026-04-09T11:11:02.516Z] > command requires scopes: ["email","openid","https://www.googleapis.com/auth/cloudplatformprojects.readonly","https://www.googleapis.com/auth/firebase","https://www.googleapis.com/auth/cloud-platform"]
[debug] [2026-04-09T11:11:02.516Z] > authorizing via signed-in user (saqoosha@whatever.co)
[debug] [2026-04-09T11:11:02.516Z] > command requires scopes: ["email","openid","https://www.googleapis.com/auth/cloudplatformprojects.readonly","https://www.googleapis.com/auth/firebase","https://www.googleapis.com/auth/cloud-platform"]
[debug] [2026-04-09T11:11:02.516Z] > authorizing via signed-in user (saqoosha@whatever.co)
[debug] [2026-04-09T14:42:26.339Z] > command requires scopes: ["email","openid","https://www.googleapis.com/auth/cloudplatformprojects.readonly","https://www.googleapis.com/auth/firebase","https://www.googleapis.com/auth/cloud-platform"]
[debug] [2026-04-09T14:42:26.341Z] > authorizing via signed-in user (saqoosha@whatever.co)
[debug] [2026-04-09T14:42:26.341Z] > command requires scopes: ["email","openid","https://www.googleapis.com/auth/cloudplatformprojects.readonly","https://www.googleapis.com/auth/firebase","https://www.googleapis.com/auth/cloud-platform"]
[debug] [2026-04-09T14:42:26.341Z] > authorizing via signed-in user (saqoosha@whatever.co)
[debug] [2026-04-09T14:42:26.348Z] > command requires scopes: ["email","openid","https://www.googleapis.com/auth/cloudplatformprojects.readonly","https://www.googleapis.com/auth/firebase","https://www.googleapis.com/auth/cloud-platform"]
[debug] [2026-04-09T14:42:26.348Z] > authorizing via signed-in user (saqoosha@whatever.co)
[debug] [2026-04-09T14:42:26.360Z] Checked if tokens are valid: false, expires at: 1775736660684
[debug] [2026-04-09T14:42:26.360Z] Checked if tokens are valid: false, expires at: 1775736660684
[debug] [2026-04-09T14:42:26.361Z] > refreshing access token with scopes: []
[debug] [2026-04-09T14:42:26.361Z] >>> [apiv2][query] POST https://www.googleapis.com/oauth2/v3/token [none]
[debug] [2026-04-09T14:42:26.361Z] >>> [apiv2][body] POST https://www.googleapis.com/oauth2/v3/token [omitted]
[debug] [2026-04-09T14:42:26.370Z] Checked if tokens are valid: false, expires at: 1775736660684
[debug] [2026-04-09T14:42:26.370Z] Checked if tokens are valid: false, expires at: 1775736660684
[debug] [2026-04-09T14:42:26.370Z] > refreshing access token with scopes: []
[debug] [2026-04-09T14:42:26.370Z] >>> [apiv2][query] POST https://www.googleapis.com/oauth2/v3/token [none]
[debug] [2026-04-09T14:42:26.370Z] >>> [apiv2][body] POST https://www.googleapis.com/oauth2/v3/token [omitted]
[debug] [2026-04-09T14:42:26.371Z] Checked if tokens are valid: false, expires at: 1775736660684
[debug] [2026-04-09T14:42:26.371Z] Checked if tokens are valid: false, expires at: 1775736660684
[debug] [2026-04-09T14:42:26.371Z] > refreshing access token with scopes: []
[debug] [2026-04-09T14:42:26.371Z] >>> [apiv2][query] POST https://www.googleapis.com/oauth2/v3/token [none]
[debug] [2026-04-09T14:42:26.371Z] >>> [apiv2][body] POST https://www.googleapis.com/oauth2/v3/token [omitted]
[debug] [2026-04-09T14:42:26.522Z] <<< [apiv2][status] POST https://www.googleapis.com/oauth2/v3/token 200
[debug] [2026-04-09T14:42:26.522Z] <<< [apiv2][body] POST https://www.googleapis.com/oauth2/v3/token [omitted]
[debug] [2026-04-09T14:42:26.549Z] >>> [apiv2][query] GET https://serviceusage.googleapis.com/v1/projects//services/firebaseappdistribution.googleapis.com [none]
[debug] [2026-04-09T14:42:26.549Z] >>> [apiv2][(partial)header] GET https://serviceusage.googleapis.com/v1/projects//services/firebaseappdistribution.googleapis.com x-goog-quota-user=projects/
[debug] [2026-04-09T14:42:26.550Z] <<< [apiv2][status] POST https://www.googleapis.com/oauth2/v3/token 200
[debug] [2026-04-09T14:42:26.550Z] <<< [apiv2][body] POST https://www.googleapis.com/oauth2/v3/token [omitted]
[debug] [2026-04-09T14:42:26.565Z] >>> [apiv2][query] GET https://serviceusage.googleapis.com/v1/projects//services/firebaseappdistribution.googleapis.com [none]
[debug] [2026-04-09T14:42:26.565Z] >>> [apiv2][(partial)header] GET https://serviceusage.googleapis.com/v1/projects//services/firebaseappdistribution.googleapis.com x-goog-quota-user=projects/
[debug] [2026-04-09T14:42:26.566Z] <<< [apiv2][status] POST https://www.googleapis.com/oauth2/v3/token 200
[debug] [2026-04-09T14:42:26.566Z] <<< [apiv2][body] POST https://www.googleapis.com/oauth2/v3/token [omitted]
[debug] [2026-04-09T14:42:26.577Z] >>> [apiv2][query] GET https://serviceusage.googleapis.com/v1/projects//services/firebaseappdistribution.googleapis.com [none]
[debug] [2026-04-09T14:42:26.577Z] >>> [apiv2][(partial)header] GET https://serviceusage.googleapis.com/v1/projects//services/firebaseappdistribution.googleapis.com x-goog-quota-user=projects/
[debug] [2026-04-09T14:42:27.412Z] <<< [apiv2][status] GET https://serviceusage.googleapis.com/v1/projects//services/firebaseappdistribution.googleapis.com 400
[debug] [2026-04-09T14:42:27.412Z] <<< [apiv2][body] GET https://serviceusage.googleapis.com/v1/projects//services/firebaseappdistribution.googleapis.com [omitted]
[debug] [2026-04-09T14:42:27.413Z] <<< [apiv2][status] GET https://serviceusage.googleapis.com/v1/projects//services/firebaseappdistribution.googleapis.com 400
[debug] [2026-04-09T14:42:27.413Z] <<< [apiv2][body] GET https://serviceusage.googleapis.com/v1/projects//services/firebaseappdistribution.googleapis.com [omitted]
[debug] [2026-04-09T14:42:27.414Z] > command requires scopes: ["email","openid","https://www.googleapis.com/auth/cloudplatformprojects.readonly","https://www.googleapis.com/auth/firebase","https://www.googleapis.com/auth/cloud-platform"]
[debug] [2026-04-09T14:42:27.414Z] > authorizing via signed-in user (saqoosha@whatever.co)
[debug] [2026-04-09T14:42:27.415Z] > command requires scopes: ["email","openid","https://www.googleapis.com/auth/cloudplatformprojects.readonly","https://www.googleapis.com/auth/firebase","https://www.googleapis.com/auth/cloud-platform"]
[debug] [2026-04-09T14:42:27.415Z] > authorizing via signed-in user (saqoosha@whatever.co)
[debug] [2026-04-09T14:42:27.415Z] <<< [apiv2][status] GET https://serviceusage.googleapis.com/v1/projects//services/firebaseappdistribution.googleapis.com 400
[debug] [2026-04-09T14:42:27.415Z] <<< [apiv2][body] GET https://serviceusage.googleapis.com/v1/projects//services/firebaseappdistribution.googleapis.com [omitted]
[debug] [2026-04-09T14:42:27.417Z] > command requires scopes: ["email","openid","https://www.googleapis.com/auth/cloudplatformprojects.readonly","https://www.googleapis.com/auth/firebase","https://www.googleapis.com/auth/cloud-platform"]
[debug] [2026-04-09T14:42:27.417Z] > authorizing via signed-in user (saqoosha@whatever.co)
[debug] [2026-04-09T14:42:27.418Z] > command requires scopes: ["email","openid","https://www.googleapis.com/auth/cloudplatformprojects.readonly","https://www.googleapis.com/auth/firebase","https://www.googleapis.com/auth/cloud-platform"]
[debug] [2026-04-09T14:42:27.418Z] > authorizing via signed-in user (saqoosha@whatever.co)
